22:30:12.841 INFO - Selenium build info: version: '3.6.0', revision: '6fbf3ec767'
22:30:12.842 INFO - Launching a standalone Selenium Server
2019-12-20 22:30:12.884:INFO::main: Logging initialized @528ms to org.seleniumhq.jetty9.util.log.StdErrLog
22:30:12.972 INFO - Driver class not found: com.opera.core.systems.OperaDriver
22:30:13.010 INFO - Driver provider class org.openqa.selenium.safari.SafariDriver registration is skipped:
 registration capabilities Capabilities [{browserName=safari, version=, platform=MAC}] does not match the current platform WIN10
22:30:13.058 INFO - Using the passthrough mode handler
2019-12-20 22:30:13.088:INFO:osjs.Server:main: jetty-9.4.5.v20170502
2019-12-20 22:30:13.112:WARN:osjs.SecurityHandler:main: ServletContext@o.s.j.s.ServletContextHandler@731a74c{/,null,STARTING} has uncovered http methods for path: /
2019-12-20 22:30:13.118:INFO:osjsh.ContextHandler:main: Started o.s.j.s.ServletContextHandler@731a74c{/,null,AVAILABLE}
2019-12-20 22:30:13.592:INFO:osjs.AbstractConnector:main: Started ServerConnector@167fdd33{HTTP/1.1,[http/1.1]}{0.0.0.0:4444}
2019-12-20 22:30:13.593:INFO:osjs.Server:main: Started @1237ms
22:30:13.593 INFO - Selenium Server is up and running
2019-12-20 22:30:13.964:INFO:osjshC.ROOT:qtp125993742-12: org.openqa.selenium.remote.server.WebDriverServlet-5e5792a0: Initialising WebDriverServlet
22:30:14.005 INFO - Binding default provider to: org.openqa.selenium.chrome.ChromeDriverService
22:30:14.006 INFO - Found handler: org.openqa.selenium.remote.server.commandhandler.BeginSession@372bd28e
22:30:14.010 INFO - /session: Executing POST on /session (handler: BeginSession)
22:30:14.076 INFO - Capabilities are: Capabilities {acceptSslCerts=true, name=Test, browserName=chrome, javascriptEnabled=true, platformName=ANY, platform=ANY, }
22:30:14.077 INFO - Capabilities {acceptSslCerts=true, name=Test, browserName=chrome, javascriptEnabled=true, platformName=ANY, platform=ANY, } matched class org.openqa.selenium.remote.server.ServicedSession$Factory (provider: org.openqa.selenium.chrome.ChromeDriverService)
22:30:14.077 INFO - Capabilities {acceptSslCerts=true, name=Test, browserName=chrome, javascriptEnabled=true, platformName=ANY, platform=ANY, } matched class org.openqa.selenium.remote.server.ServicedSession$Factory (provider: org.openqa.selenium.chrome.ChromeDriverService)
Starting ChromeDriver 2.33.506120 (e3e53437346286c0bc2d2dc9aa4915ba81d9023f) on port 28255
Only local connections are allowed.
22:30:18.401 INFO - Found handler: org.openqa.selenium.remote.server.ServicedSession@14aed58e
22:30:18.401 INFO - Handler thread for session d8a02c1cf40504d9ea48a454221a776e (chrome): Executing POST on /session/d8a02c1cf40504d9ea48a454221a776e/url (handler: ServicedSession)
22:30:18.405 INFO - To upstream: {"url":"http://localhost:8080"}
22:30:18.651 INFO - To downstream: {"sessionId":"d8a02c1cf40504d9ea48a454221a776e","status":0,"value":null}
22:30:18.658 INFO - Found handler: org.openqa.selenium.remote.server.ServicedSession@14aed58e
22:30:18.659 INFO - Handler thread for session d8a02c1cf40504d9ea48a454221a776e (chrome): Executing POST on /session/d8a02c1cf40504d9ea48a454221a776e/elements (handler: ServicedSession)
22:30:18.661 INFO - To upstream: {"using":"css selector","value":"#app"}
22:30:18.681 INFO - To downstream: {"sessionId":"d8a02c1cf40504d9ea48a454221a776e","status":0,"value":[{"ELEMENT":"0.47260945479523087-1"}]}
22:30:18.684 INFO - Found handler: org.openqa.selenium.remote.server.ServicedSession@14aed58e
22:30:18.685 INFO - Handler thread for session d8a02c1cf40504d9ea48a454221a776e (chrome): Executing GET on /session/d8a02c1cf40504d9ea48a454221a776e/element/0.47260945479523087-1/displayed (handler: ServicedSession)
22:30:18.702 INFO - To downstream: {"sessionId":"d8a02c1cf40504d9ea48a454221a776e","status":0,"value":true}
22:30:18.711 INFO - Found handler: org.openqa.selenium.remote.server.ServicedSession@14aed58e
22:30:18.712 INFO - Handler thread for session d8a02c1cf40504d9ea48a454221a776e (chrome): Executing POST on /session/d8a02c1cf40504d9ea48a454221a776e/elements (handler: ServicedSession)
22:30:18.714 INFO - To upstream: {"using":"css selector","value":".dashboard"}
22:30:18.725 INFO - To downstream: {"sessionId":"d8a02c1cf40504d9ea48a454221a776e","status":0,"value":[{"ELEMENT":"0.47260945479523087-2"}]}
22:30:18.746 INFO - Found handler: org.openqa.selenium.remote.server.ServicedSession@14aed58e
22:30:18.746 INFO - Handler thread for session d8a02c1cf40504d9ea48a454221a776e (chrome): Executing POST on /session/d8a02c1cf40504d9ea48a454221a776e/element (handler: ServicedSession)
22:30:18.748 INFO - To upstream: {"using":"css selector","value":"h1"}
22:30:18.763 INFO - To downstream: {"sessionId":"d8a02c1cf40504d9ea48a454221a776e","status":0,"value":{"ELEMENT":"0.47260945479523087-3"}}
22:30:18.766 INFO - Found handler: org.openqa.selenium.remote.server.ServicedSession@14aed58e
22:30:18.766 INFO - Handler thread for session d8a02c1cf40504d9ea48a454221a776e (chrome): Executing GET on /session/d8a02c1cf40504d9ea48a454221a776e/element/0.47260945479523087-3/text (handler: ServicedSession)
22:30:18.786 INFO - To downstream: {"sessionId":"d8a02c1cf40504d9ea48a454221a776e","status":0,"value":"Welcome to your truffle-vue dApp"}
22:30:18.794 INFO - Found handler: org.openqa.selenium.remote.server.ServicedSession@14aed58e
22:30:18.795 INFO - Handler thread for session d8a02c1cf40504d9ea48a454221a776e (chrome): Executing POST on /session/d8a02c1cf40504d9ea48a454221a776e/execute (handler: ServicedSession)
22:30:18.796 INFO - To upstream: {"script":"var passedArgs = Array.prototype.slice.call(arguments,0); return function (selector) {\n      return document.querySelectorAll(selector).length;\n    }.apply(window, passedArgs);","args":["img"]}
22:30:18.800 INFO - To downstream: {"sessionId":"d8a02c1cf40504d9ea48a454221a776e","status":0,"value":1}
22:30:18.810 INFO - Found handler: org.openqa.selenium.remote.server.ServicedSession@14aed58e
22:30:18.811 INFO - Handler thread for session d8a02c1cf40504d9ea48a454221a776e (chrome): Executing DELETE on /session/d8a02c1cf40504d9ea48a454221a776e (handler: ServicedSession)
22:30:18.847 INFO - To downstream: {"sessionId":"d8a02c1cf40504d9ea48a454221a776e","status":0,"value":null}
22:30:18.851 INFO - Removing session org.openqa.selenium.remote.server.ServicedSession@14aed58e
22:30:18.916 INFO - To downstream: {"sessionId":"","status":0,"value":null}
